TN:
SF:client/EnhancedColorPickerPlugin.js
FN:106,(anonymous_0)
FN:116,(anonymous_1)
FN:121,(anonymous_2)
FN:126,(anonymous_3)
FN:145,(anonymous_4)
FN:146,(anonymous_5)
FN:147,(anonymous_6)
FN:163,(anonymous_7)
FN:168,(anonymous_8)
FN:179,(anonymous_9)
FN:188,(anonymous_10)
FN:196,(anonymous_11)
FN:211,(anonymous_12)
FN:216,(anonymous_13)
FN:226,(anonymous_14)
FN:234,(anonymous_15)
FN:259,(anonymous_16)
FN:260,(anonymous_17)
FN:273,(anonymous_18)
FN:281,(anonymous_19)
FN:328,(anonymous_20)
FN:334,(anonymous_21)
FN:338,(anonymous_22)
FN:345,(anonymous_23)
FN:360,(anonymous_24)
FN:379,(anonymous_25)
FN:410,(anonymous_26)
FN:448,(anonymous_27)
FN:487,(anonymous_28)
FN:492,(anonymous_29)
FN:501,(anonymous_30)
FN:512,(anonymous_31)
FNF:32
FNH:32
FNDA:35,(anonymous_0)
FNDA:1,(anonymous_1)
FNDA:1,(anonymous_2)
FNDA:35,(anonymous_3)
FNDA:1,(anonymous_4)
FNDA:1,(anonymous_5)
FNDA:1,(anonymous_6)
FNDA:3,(anonymous_7)
FNDA:2,(anonymous_8)
FNDA:17,(anonymous_9)
FNDA:1,(anonymous_10)
FNDA:1286,(anonymous_11)
FNDA:1,(anonymous_12)
FNDA:1,(anonymous_13)
FNDA:2,(anonymous_14)
FNDA:16,(anonymous_15)
FNDA:48,(anonymous_16)
FNDA:3,(anonymous_17)
FNDA:1280,(anonymous_18)
FNDA:5,(anonymous_19)
FNDA:1,(anonymous_20)
FNDA:3,(anonymous_21)
FNDA:3,(anonymous_22)
FNDA:170,(anonymous_23)
FNDA:1,(anonymous_24)
FNDA:10,(anonymous_25)
FNDA:5,(anonymous_26)
FNDA:4,(anonymous_27)
FNDA:16,(anonymous_28)
FNDA:4,(anonymous_29)
FNDA:2,(anonymous_30)
FNDA:3,(anonymous_31)
DA:3,1
DA:4,1
DA:5,1
DA:7,1
DA:107,35
DA:108,35
DA:109,35
DA:110,35
DA:111,35
DA:112,35
DA:113,35
DA:115,35
DA:117,1
DA:121,35
DA:122,1
DA:127,35
DA:129,35
DA:130,35
DA:132,35
DA:133,33
DA:136,2
DA:139,1
DA:140,0
DA:141,0
DA:144,1
DA:145,1
DA:146,1
DA:147,1
DA:151,1
DA:152,1
DA:158,1
DA:159,1
DA:164,3
DA:166,3
DA:168,3
DA:169,3
DA:172,2
DA:175,1
DA:180,17
DA:181,1
DA:183,16
DA:184,16
DA:189,1
DA:190,1
DA:191,1
DA:193,1
DA:198,1286
DA:199,1
DA:202,1286
DA:204,1286
DA:205,5
DA:211,5
DA:212,1
DA:213,1
DA:216,1
DA:217,1
DA:220,1
DA:223,5
DA:226,1286
DA:227,2
DA:228,1
DA:231,1286
DA:235,16
DA:253,16
DA:254,16
DA:255,16
DA:258,16
DA:259,16
DA:260,48
DA:261,3
DA:262,3
DA:263,2
DA:264,2
DA:266,1
DA:267,1
DA:273,16
DA:274,1280
DA:277,16
DA:278,16
DA:281,16
DA:282,5
DA:286,16
DA:291,16
DA:294,16
DA:300,16
DA:302,16
DA:306,16
DA:308,16
DA:328,16
DA:330,16
DA:331,16
DA:335,3
DA:336,3
DA:338,3
DA:339,3
DA:340,2
DA:341,2
DA:343,2
DA:344,2
DA:345,2
DA:346,170
DA:347,2
DA:348,2
DA:350,168
DA:351,7
DA:352,3
DA:361,1
DA:364,1
DA:367,1
DA:368,0
DA:369,0
DA:372,0
DA:373,0
DA:376,1
DA:380,10
DA:384,8
DA:385,2
DA:388,8
DA:391,8
DA:392,3
DA:394,8
DA:395,2
DA:398,8
DA:399,4
DA:405,8
DA:406,3
DA:411,5
DA:412,5
DA:414,5
DA:416,2
DA:417,0
DA:420,2
DA:421,1
DA:423,0
DA:425,0
DA:432,1
DA:434,1
DA:437,1
DA:439,1
DA:449,4
DA:452,4
DA:453,1
DA:457,1
DA:461,3
DA:462,3
DA:464,2
DA:466,1
DA:473,1
DA:476,1
DA:478,1
DA:488,16
DA:489,16
DA:493,4
DA:494,4
DA:495,4
DA:496,4
DA:497,4
DA:498,4
DA:502,2
DA:503,2
DA:504,2
DA:505,2
DA:506,2
DA:507,2
DA:508,2
DA:509,2
DA:513,3
DA:514,3
DA:518,1
DA:520,1
LF:170
LH:161
BRDA:132,0,0,33
BRDA:132,0,1,2
BRDA:139,1,0,0
BRDA:139,1,1,1
BRDA:146,2,0,1
BRDA:146,2,1,0
BRDA:180,3,0,1
BRDA:180,3,1,16
BRDA:189,4,0,1
BRDA:189,4,1,0
BRDA:196,5,0,1281
BRDA:198,6,0,1
BRDA:198,6,1,1285
BRDA:198,7,0,1286
BRDA:198,7,1,1286
BRDA:202,8,0,5
BRDA:202,8,1,1281
BRDA:202,9,0,1286
BRDA:202,9,1,0
BRDA:204,10,0,5
BRDA:204,10,1,1281
BRDA:227,11,0,1
BRDA:227,11,1,1
BRDA:239,12,0,16
BRDA:239,12,1,0
BRDA:242,13,0,0
BRDA:242,13,1,16
BRDA:245,14,0,0
BRDA:245,14,1,16
BRDA:262,15,0,2
BRDA:262,15,1,1
BRDA:306,16,0,16
BRDA:306,16,1,0
BRDA:339,17,0,2
BRDA:339,17,1,1
BRDA:346,18,0,2
BRDA:346,18,1,168
BRDA:350,19,0,7
BRDA:350,19,1,161
BRDA:351,20,0,3
BRDA:351,20,1,4
BRDA:351,21,0,7
BRDA:351,21,1,5
BRDA:367,22,0,0
BRDA:367,22,1,1
BRDA:380,23,0,2
BRDA:380,23,1,8
BRDA:384,24,0,2
BRDA:384,24,1,6
BRDA:384,25,0,8
BRDA:384,25,1,2
BRDA:391,26,0,3
BRDA:391,26,1,5
BRDA:394,27,0,2
BRDA:394,27,1,6
BRDA:398,28,0,4
BRDA:398,28,1,4
BRDA:405,29,0,3
BRDA:405,29,1,5
BRDA:414,30,0,3
BRDA:414,30,1,2
BRDA:416,31,0,0
BRDA:416,31,1,2
BRDA:420,32,0,1
BRDA:420,32,1,1
BRDA:421,33,0,1
BRDA:421,33,1,0
BRDA:423,34,0,0
BRDA:423,34,1,0
BRDA:432,35,0,1
BRDA:432,35,1,0
BRDA:452,36,0,1
BRDA:452,36,1,3
BRDA:462,37,0,1
BRDA:462,37,1,2
BRDA:464,38,0,1
BRDA:464,38,1,1
BRDA:493,39,0,4
BRDA:493,39,1,1
BRDA:502,40,0,2
BRDA:502,40,1,0
BRF:81
BRH:66
end_of_record
